<?xml version="1.0" encoding="UTF-8"?>
<robot generator="Robot 6.1.1 (Python 3.11.4 on linux)" generated="20231120 20:54:37.611" rpa="false" schemaversion="4">
<suite id="s1" name="Tests" source="/home/evamaria/palautusrepositorio/viikko3/login-robot/src/tests">
<suite id="s1-s1" name="Login" source="/home/evamaria/palautusrepositorio/viikko3/login-robot/src/tests/login.robot">
<test id="s1-s1-t1" name="Login With Correct Credentials" line="6">
<kw name="Create User And Input Login Command" type="SETUP">
<kw name="Create User" library="AppLibrary">
<arg>kalle</arg>
<arg>kalle123</arg>
<status status="PASS" starttime="20231120 20:54:37.626" endtime="20231120 20:54:37.626"/>
</kw>
<kw name="Input Login Command" library="resource">
<kw name="Input" library="AppLibrary">
<arg>login</arg>
<status status="PASS" starttime="20231120 20:54:37.626" endtime="20231120 20:54:37.626"/>
</kw>
<status status="PASS" starttime="20231120 20:54:37.626" endtime="20231120 20:54:37.626"/>
</kw>
<status status="PASS" starttime="20231120 20:54:37.626" endtime="20231120 20:54:37.626"/>
</kw>
<kw name="Input Credentials" library="resource">
<arg>kalle</arg>
<arg>kalle123</arg>
<kw name="Input" library="AppLibrary">
<arg>${username}</arg>
<status status="PASS" starttime="20231120 20:54:37.627" endtime="20231120 20:54:37.627"/>
</kw>
<kw name="Input" library="AppLibrary">
<arg>${password}</arg>
<status status="PASS" starttime="20231120 20:54:37.627" endtime="20231120 20:54:37.627"/>
</kw>
<kw name="Run Application" library="AppLibrary">
<status status="PASS" starttime="20231120 20:54:37.627" endtime="20231120 20:54:37.627"/>
</kw>
<status status="PASS" starttime="20231120 20:54:37.626" endtime="20231120 20:54:37.627"/>
</kw>
<kw name="Output Should Contain" library="AppLibrary">
<arg>Logged in</arg>
<status status="PASS" starttime="20231120 20:54:37.627" endtime="20231120 20:54:37.627"/>
</kw>
<status status="PASS" starttime="20231120 20:54:37.625" endtime="20231120 20:54:37.627"/>
</test>
<test id="s1-s1-t2" name="Login With Incorrect Password" line="16">
<kw name="Create User And Input Login Command" type="SETUP">
<kw name="Create User" library="AppLibrary">
<arg>kalle</arg>
<arg>kalle123</arg>
<status status="PASS" starttime="20231120 20:54:37.628" endtime="20231120 20:54:37.628"/>
</kw>
<kw name="Input Login Command" library="resource">
<kw name="Input" library="AppLibrary">
<arg>login</arg>
<status status="PASS" starttime="20231120 20:54:37.628" endtime="20231120 20:54:37.628"/>
</kw>
<status status="PASS" starttime="20231120 20:54:37.628" endtime="20231120 20:54:37.628"/>
</kw>
<status status="PASS" starttime="20231120 20:54:37.628" endtime="20231120 20:54:37.628"/>
</kw>
<kw name="Input" library="AppLibrary">
<arg>kalle</arg>
<status status="PASS" starttime="20231120 20:54:37.628" endtime="20231120 20:54:37.628"/>
</kw>
<kw name="Input" library="AppLibrary">
<arg>kalllllll234</arg>
<status status="PASS" starttime="20231120 20:54:37.628" endtime="20231120 20:54:37.628"/>
</kw>
<kw name="Run Application" library="AppLibrary">
<status status="PASS" starttime="20231120 20:54:37.628" endtime="20231120 20:54:37.629"/>
</kw>
<kw name="Output Should Contain" library="AppLibrary">
<arg>Invalid username or password</arg>
<status status="PASS" starttime="20231120 20:54:37.629" endtime="20231120 20:54:37.629"/>
</kw>
<status status="PASS" starttime="20231120 20:54:37.627" endtime="20231120 20:54:37.629"/>
</test>
<test id="s1-s1-t3" name="Login With Nonexistent Username" line="23">
<kw name="Create User And Input Login Command" type="SETUP">
<kw name="Create User" library="AppLibrary">
<arg>kalle</arg>
<arg>kalle123</arg>
<status status="PASS" starttime="20231120 20:54:37.629" endtime="20231120 20:54:37.629"/>
</kw>
<kw name="Input Login Command" library="resource">
<kw name="Input" library="AppLibrary">
<arg>login</arg>
<status status="PASS" starttime="20231120 20:54:37.629" endtime="20231120 20:54:37.629"/>
</kw>
<status status="PASS" starttime="20231120 20:54:37.629" endtime="20231120 20:54:37.629"/>
</kw>
<status status="PASS" starttime="20231120 20:54:37.629" endtime="20231120 20:54:37.630"/>
</kw>
<kw name="Input" library="AppLibrary">
<arg>kosma</arg>
<status status="PASS" starttime="20231120 20:54:37.630" endtime="20231120 20:54:37.630"/>
</kw>
<kw name="Input" library="AppLibrary">
<arg>kalle1234</arg>
<status status="PASS" starttime="20231120 20:54:37.630" endtime="20231120 20:54:37.630"/>
</kw>
<kw name="Run Application" library="AppLibrary">
<status status="PASS" starttime="20231120 20:54:37.630" endtime="20231120 20:54:37.630"/>
</kw>
<kw name="Output Should Contain" library="AppLibrary">
<arg>Invalid username or password</arg>
<status status="PASS" starttime="20231120 20:54:37.630" endtime="20231120 20:54:37.630"/>
</kw>
<status status="PASS" starttime="20231120 20:54:37.629" endtime="20231120 20:54:37.630"/>
</test>
<status status="PASS" starttime="20231120 20:54:37.622" endtime="20231120 20:54:37.630"/>
</suite>
<suite id="s1-s2" name="Register" source="/home/evamaria/palautusrepositorio/viikko3/login-robot/src/tests/register.robot">
<test id="s1-s2-t1" name="Register With Valid Username And Password" line="11">
<kw name="Create User And Input Login Command" type="SETUP">
<kw name="Create User" library="AppLibrary">
<arg>kalle</arg>
<arg>kalle123</arg>
<status status="PASS" starttime="20231120 20:54:37.632" endtime="20231120 20:54:37.632"/>
</kw>
<kw name="Input New Command" library="resource">
<kw name="Input" library="AppLibrary">
<arg>new</arg>
<status status="PASS" starttime="20231120 20:54:37.632" endtime="20231120 20:54:37.632"/>
</kw>
<status status="PASS" starttime="20231120 20:54:37.632" endtime="20231120 20:54:37.633"/>
</kw>
<status status="PASS" starttime="20231120 20:54:37.632" endtime="20231120 20:54:37.633"/>
</kw>
<kw name="Input Credentials" library="resource">
<arg>viljo</arg>
<arg>viljo123</arg>
<kw name="Input" library="AppLibrary">
<arg>${username}</arg>
<status status="PASS" starttime="20231120 20:54:37.633" endtime="20231120 20:54:37.633"/>
</kw>
<kw name="Input" library="AppLibrary">
<arg>${password}</arg>
<status status="PASS" starttime="20231120 20:54:37.633" endtime="20231120 20:54:37.633"/>
</kw>
<kw name="Run Application" library="AppLibrary">
<status status="PASS" starttime="20231120 20:54:37.633" endtime="20231120 20:54:37.633"/>
</kw>
<status status="PASS" starttime="20231120 20:54:37.633" endtime="20231120 20:54:37.633"/>
</kw>
<kw name="Output Should Contain" library="AppLibrary">
<arg>New user registered</arg>
<status status="PASS" starttime="20231120 20:54:37.633" endtime="20231120 20:54:37.633"/>
</kw>
<status status="PASS" starttime="20231120 20:54:37.632" endtime="20231120 20:54:37.633"/>
</test>
<test id="s1-s2-t2" name="Register With Already Taken Username And Valid Password" line="15">
<kw name="Create User And Input Login Command" type="SETUP">
<kw name="Create User" library="AppLibrary">
<arg>kalle</arg>
<arg>kalle123</arg>
<status status="PASS" starttime="20231120 20:54:37.634" endtime="20231120 20:54:37.634"/>
</kw>
<kw name="Input New Command" library="resource">
<kw name="Input" library="AppLibrary">
<arg>new</arg>
<status status="PASS" starttime="20231120 20:54:37.634" endtime="20231120 20:54:37.634"/>
</kw>
<status status="PASS" starttime="20231120 20:54:37.634" endtime="20231120 20:54:37.634"/>
</kw>
<status status="PASS" starttime="20231120 20:54:37.634" endtime="20231120 20:54:37.634"/>
</kw>
<kw name="Input Credentials" library="resource">
<arg>kalle</arg>
<arg>kalle123</arg>
<kw name="Input" library="AppLibrary">
<arg>${username}</arg>
<status status="PASS" starttime="20231120 20:54:37.634" endtime="20231120 20:54:37.634"/>
</kw>
<kw name="Input" library="AppLibrary">
<arg>${password}</arg>
<status status="PASS" starttime="20231120 20:54:37.634" endtime="20231120 20:54:37.634"/>
</kw>
<kw name="Run Application" library="AppLibrary">
<status status="PASS" starttime="20231120 20:54:37.634" endtime="20231120 20:54:37.635"/>
</kw>
<status status="PASS" starttime="20231120 20:54:37.634" endtime="20231120 20:54:37.635"/>
</kw>
<kw name="Output Should Contain" library="AppLibrary">
<arg>User with username kalle already exists</arg>
<status status="PASS" starttime="20231120 20:54:37.635" endtime="20231120 20:54:37.635"/>
</kw>
<status status="PASS" starttime="20231120 20:54:37.633" endtime="20231120 20:54:37.635"/>
</test>
<test id="s1-s2-t3" name="Register With Too Short Username And Valid Password" line="20">
<kw name="Create User And Input Login Command" type="SETUP">
<kw name="Create User" library="AppLibrary">
<arg>kalle</arg>
<arg>kalle123</arg>
<status status="PASS" starttime="20231120 20:54:37.635" endtime="20231120 20:54:37.635"/>
</kw>
<kw name="Input New Command" library="resource">
<kw name="Input" library="AppLibrary">
<arg>new</arg>
<status status="PASS" starttime="20231120 20:54:37.636" endtime="20231120 20:54:37.636"/>
</kw>
<status status="PASS" starttime="20231120 20:54:37.636" endtime="20231120 20:54:37.636"/>
</kw>
<status status="PASS" starttime="20231120 20:54:37.635" endtime="20231120 20:54:37.636"/>
</kw>
<kw name="Input Credentials" library="resource">
<arg>k</arg>
<arg>viljo123</arg>
<kw name="Input" library="AppLibrary">
<arg>${username}</arg>
<status status="PASS" starttime="20231120 20:54:37.636" endtime="20231120 20:54:37.636"/>
</kw>
<kw name="Input" library="AppLibrary">
<arg>${password}</arg>
<status status="PASS" starttime="20231120 20:54:37.636" endtime="20231120 20:54:37.636"/>
</kw>
<kw name="Run Application" library="AppLibrary">
<status status="PASS" starttime="20231120 20:54:37.636" endtime="20231120 20:54:37.636"/>
</kw>
<status status="PASS" starttime="20231120 20:54:37.636" endtime="20231120 20:54:37.636"/>
</kw>
<kw name="Output Should Contain" library="AppLibrary">
<arg>Invalid username or password</arg>
<status status="PASS" starttime="20231120 20:54:37.636" endtime="20231120 20:54:37.636"/>
</kw>
<status status="PASS" starttime="20231120 20:54:37.635" endtime="20231120 20:54:37.636"/>
</test>
<test id="s1-s2-t4" name="Register With Enough Long But Invalid Username And Valid Password" line="24">
<kw name="Create User And Input Login Command" type="SETUP">
<kw name="Create User" library="AppLibrary">
<arg>kalle</arg>
<arg>kalle123</arg>
<status status="PASS" starttime="20231120 20:54:37.637" endtime="20231120 20:54:37.637"/>
</kw>
<kw name="Input New Command" library="resource">
<kw name="Input" library="AppLibrary">
<arg>new</arg>
<status status="PASS" starttime="20231120 20:54:37.637" endtime="20231120 20:54:37.637"/>
</kw>
<status status="PASS" starttime="20231120 20:54:37.637" endtime="20231120 20:54:37.637"/>
</kw>
<status status="PASS" starttime="20231120 20:54:37.637" endtime="20231120 20:54:37.637"/>
</kw>
<kw name="Input Credentials" library="resource">
<arg>kalle123</arg>
<arg>kalle123</arg>
<kw name="Input" library="AppLibrary">
<arg>${username}</arg>
<status status="PASS" starttime="20231120 20:54:37.637" endtime="20231120 20:54:37.637"/>
</kw>
<kw name="Input" library="AppLibrary">
<arg>${password}</arg>
<status status="PASS" starttime="20231120 20:54:37.638" endtime="20231120 20:54:37.638"/>
</kw>
<kw name="Run Application" library="AppLibrary">
<status status="PASS" starttime="20231120 20:54:37.638" endtime="20231120 20:54:37.638"/>
</kw>
<status status="PASS" starttime="20231120 20:54:37.637" endtime="20231120 20:54:37.638"/>
</kw>
<kw name="Output Should Contain" library="AppLibrary">
<arg>Invalid username or password</arg>
<status status="PASS" starttime="20231120 20:54:37.638" endtime="20231120 20:54:37.638"/>
</kw>
<status status="PASS" starttime="20231120 20:54:37.637" endtime="20231120 20:54:37.638"/>
</test>
<test id="s1-s2-t5" name="Register With Valid Username And Too Short Password" line="28">
<kw name="Create User And Input Login Command" type="SETUP">
<kw name="Create User" library="AppLibrary">
<arg>kalle</arg>
<arg>kalle123</arg>
<status status="PASS" starttime="20231120 20:54:37.638" endtime="20231120 20:54:37.638"/>
</kw>
<kw name="Input New Command" library="resource">
<kw name="Input" library="AppLibrary">
<arg>new</arg>
<status status="PASS" starttime="20231120 20:54:37.639" endtime="20231120 20:54:37.639"/>
</kw>
<status status="PASS" starttime="20231120 20:54:37.638" endtime="20231120 20:54:37.639"/>
</kw>
<status status="PASS" starttime="20231120 20:54:37.638" endtime="20231120 20:54:37.639"/>
</kw>
<kw name="Input Credentials" library="resource">
<arg>simo</arg>
<arg>k1</arg>
<kw name="Input" library="AppLibrary">
<arg>${username}</arg>
<status status="PASS" starttime="20231120 20:54:37.639" endtime="20231120 20:54:37.639"/>
</kw>
<kw name="Input" library="AppLibrary">
<arg>${password}</arg>
<status status="PASS" starttime="20231120 20:54:37.639" endtime="20231120 20:54:37.639"/>
</kw>
<kw name="Run Application" library="AppLibrary">
<status status="PASS" starttime="20231120 20:54:37.639" endtime="20231120 20:54:37.639"/>
</kw>
<status status="PASS" starttime="20231120 20:54:37.639" endtime="20231120 20:54:37.639"/>
</kw>
<kw name="Output Should Contain" library="AppLibrary">
<arg>Invalid username or password</arg>
<status status="PASS" starttime="20231120 20:54:37.639" endtime="20231120 20:54:37.639"/>
</kw>
<status status="PASS" starttime="20231120 20:54:37.638" endtime="20231120 20:54:37.639"/>
</test>
<test id="s1-s2-t6" name="Register With Valid Username And Long Enough Password Containing Only Letters" line="32">
<kw name="Create User And Input Login Command" type="SETUP">
<kw name="Create User" library="AppLibrary">
<arg>kalle</arg>
<arg>kalle123</arg>
<status status="PASS" starttime="20231120 20:54:37.640" endtime="20231120 20:54:37.640"/>
</kw>
<kw name="Input New Command" library="resource">
<kw name="Input" library="AppLibrary">
<arg>new</arg>
<status status="PASS" starttime="20231120 20:54:37.640" endtime="20231120 20:54:37.640"/>
</kw>
<status status="PASS" starttime="20231120 20:54:37.640" endtime="20231120 20:54:37.640"/>
</kw>
<status status="PASS" starttime="20231120 20:54:37.640" endtime="20231120 20:54:37.640"/>
</kw>
<kw name="Input Credentials" library="resource">
<arg>sami</arg>
<arg>kahdeksan</arg>
<kw name="Input" library="AppLibrary">
<arg>${username}</arg>
<status status="PASS" starttime="20231120 20:54:37.640" endtime="20231120 20:54:37.640"/>
</kw>
<kw name="Input" library="AppLibrary">
<arg>${password}</arg>
<status status="PASS" starttime="20231120 20:54:37.640" endtime="20231120 20:54:37.640"/>
</kw>
<kw name="Run Application" library="AppLibrary">
<status status="PASS" starttime="20231120 20:54:37.640" endtime="20231120 20:54:37.641"/>
</kw>
<status status="PASS" starttime="20231120 20:54:37.640" endtime="20231120 20:54:37.641"/>
</kw>
<kw name="Output Should Contain" library="AppLibrary">
<arg>Invalid username or password</arg>
<status status="PASS" starttime="20231120 20:54:37.641" endtime="20231120 20:54:37.641"/>
</kw>
<status status="PASS" starttime="20231120 20:54:37.639" endtime="20231120 20:54:37.641"/>
</test>
<status status="PASS" starttime="20231120 20:54:37.631" endtime="20231120 20:54:37.641"/>
</suite>
<status status="PASS" starttime="20231120 20:54:37.612" endtime="20231120 20:54:37.641"/>
</suite>
<statistics>
<total>
<stat pass="9" fail="0" skip="0">All Tests</stat>
</total>
<tag>
</tag>
<suite>
<stat pass="9" fail="0" skip="0" id="s1" name="Tests">Tests</stat>
<stat pass="3" fail="0" skip="0" id="s1-s1" name="Login">Tests.Login</stat>
<stat pass="6" fail="0" skip="0" id="s1-s2" name="Register">Tests.Register</stat>
</suite>
</statistics>
<errors>
</errors>
</robot>
