<?xml version="1.0" encoding="UTF-8"?>
<robot generator="Robot 6.1.1 (Python 3.11.4 on linux)" generated="20231120 19:21:17.399" rpa="false" schemaversion="4">
<suite id="s1" name="Tests" source="/home/evamaria/palautusrepositorio/viikko3/login-robot/src/tests">
<suite id="s1-s1" name="Login" source="/home/evamaria/palautusrepositorio/viikko3/login-robot/src/tests/login.robot">
<test id="s1-s1-t1" name="Login With Correct Credentials" line="6">
<kw name="Create User And Input Login Command" type="SETUP">
<kw name="Create User" library="AppLibrary">
<arg>kalle</arg>
<arg>kalle123</arg>
<status status="PASS" starttime="20231120 19:21:17.414" endtime="20231120 19:21:17.415"/>
</kw>
<kw name="Input Login Command" library="resource">
<kw name="Input" library="AppLibrary">
<arg>login</arg>
<status status="PASS" starttime="20231120 19:21:17.415" endtime="20231120 19:21:17.415"/>
</kw>
<status status="PASS" starttime="20231120 19:21:17.415" endtime="20231120 19:21:17.415"/>
</kw>
<status status="PASS" starttime="20231120 19:21:17.414" endtime="20231120 19:21:17.415"/>
</kw>
<kw name="Input Credentials" library="resource">
<arg>kalle</arg>
<arg>kalle123</arg>
<kw name="Input" library="AppLibrary">
<arg>${username}</arg>
<status status="PASS" starttime="20231120 19:21:17.415" endtime="20231120 19:21:17.415"/>
</kw>
<kw name="Input" library="AppLibrary">
<arg>${password}</arg>
<status status="PASS" starttime="20231120 19:21:17.415" endtime="20231120 19:21:17.415"/>
</kw>
<kw name="Run Application" library="AppLibrary">
<status status="PASS" starttime="20231120 19:21:17.415" endtime="20231120 19:21:17.415"/>
</kw>
<status status="PASS" starttime="20231120 19:21:17.415" endtime="20231120 19:21:17.415"/>
</kw>
<kw name="Output Should Contain" library="AppLibrary">
<arg>Logged in</arg>
<status status="PASS" starttime="20231120 19:21:17.416" endtime="20231120 19:21:17.416"/>
</kw>
<status status="PASS" starttime="20231120 19:21:17.414" endtime="20231120 19:21:17.416"/>
</test>
<test id="s1-s1-t2" name="Login With Incorrect Password" line="16">
<kw name="Create User And Input Login Command" type="SETUP">
<kw name="Create User" library="AppLibrary">
<arg>kalle</arg>
<arg>kalle123</arg>
<status status="PASS" starttime="20231120 19:21:17.416" endtime="20231120 19:21:17.416"/>
</kw>
<kw name="Input Login Command" library="resource">
<kw name="Input" library="AppLibrary">
<arg>login</arg>
<status status="PASS" starttime="20231120 19:21:17.416" endtime="20231120 19:21:17.416"/>
</kw>
<status status="PASS" starttime="20231120 19:21:17.416" endtime="20231120 19:21:17.416"/>
</kw>
<status status="PASS" starttime="20231120 19:21:17.416" endtime="20231120 19:21:17.416"/>
</kw>
<kw name="Input" library="AppLibrary">
<arg>kalle</arg>
<status status="PASS" starttime="20231120 19:21:17.417" endtime="20231120 19:21:17.417"/>
</kw>
<kw name="Input" library="AppLibrary">
<arg>kalllllll234</arg>
<status status="PASS" starttime="20231120 19:21:17.417" endtime="20231120 19:21:17.417"/>
</kw>
<kw name="Run Application" library="AppLibrary">
<status status="PASS" starttime="20231120 19:21:17.417" endtime="20231120 19:21:17.417"/>
</kw>
<kw name="Output Should Contain" library="AppLibrary">
<arg>Invalid username or password</arg>
<status status="PASS" starttime="20231120 19:21:17.417" endtime="20231120 19:21:17.417"/>
</kw>
<status status="PASS" starttime="20231120 19:21:17.416" endtime="20231120 19:21:17.417"/>
</test>
<test id="s1-s1-t3" name="Login With Nonexistent Username" line="23">
<kw name="Create User And Input Login Command" type="SETUP">
<kw name="Create User" library="AppLibrary">
<arg>kalle</arg>
<arg>kalle123</arg>
<status status="PASS" starttime="20231120 19:21:17.417" endtime="20231120 19:21:17.418"/>
</kw>
<kw name="Input Login Command" library="resource">
<kw name="Input" library="AppLibrary">
<arg>login</arg>
<status status="PASS" starttime="20231120 19:21:17.418" endtime="20231120 19:21:17.418"/>
</kw>
<status status="PASS" starttime="20231120 19:21:17.418" endtime="20231120 19:21:17.418"/>
</kw>
<status status="PASS" starttime="20231120 19:21:17.417" endtime="20231120 19:21:17.418"/>
</kw>
<kw name="Input" library="AppLibrary">
<arg>kosma</arg>
<status status="PASS" starttime="20231120 19:21:17.418" endtime="20231120 19:21:17.418"/>
</kw>
<kw name="Input" library="AppLibrary">
<arg>kalle1234</arg>
<status status="PASS" starttime="20231120 19:21:17.418" endtime="20231120 19:21:17.418"/>
</kw>
<kw name="Run Application" library="AppLibrary">
<status status="PASS" starttime="20231120 19:21:17.418" endtime="20231120 19:21:17.418"/>
</kw>
<kw name="Output Should Contain" library="AppLibrary">
<arg>Invalid username or password</arg>
<status status="PASS" starttime="20231120 19:21:17.418" endtime="20231120 19:21:17.418"/>
</kw>
<status status="PASS" starttime="20231120 19:21:17.417" endtime="20231120 19:21:17.418"/>
</test>
<status status="PASS" starttime="20231120 19:21:17.411" endtime="20231120 19:21:17.419"/>
</suite>
<suite id="s1-s2" name="Register" source="/home/evamaria/palautusrepositorio/viikko3/login-robot/src/tests/register.robot">
<test id="s1-s2-t1" name="Register With Valid Username And Password" line="11">
<kw name="Create User And Input Login Command" type="SETUP">
<kw name="Create User" library="AppLibrary">
<arg>kalle</arg>
<arg>kalle123</arg>
<status status="PASS" starttime="20231120 19:21:17.420" endtime="20231120 19:21:17.420"/>
</kw>
<kw name="Input New Command" library="resource">
<kw name="Input" library="AppLibrary">
<arg>new</arg>
<status status="PASS" starttime="20231120 19:21:17.421" endtime="20231120 19:21:17.421"/>
</kw>
<status status="PASS" starttime="20231120 19:21:17.420" endtime="20231120 19:21:17.421"/>
</kw>
<status status="PASS" starttime="20231120 19:21:17.420" endtime="20231120 19:21:17.421"/>
</kw>
<kw name="Input Credentials" library="resource">
<arg>viljo</arg>
<arg>viljo123</arg>
<kw name="Input" library="AppLibrary">
<arg>${username}</arg>
<status status="PASS" starttime="20231120 19:21:17.421" endtime="20231120 19:21:17.421"/>
</kw>
<kw name="Input" library="AppLibrary">
<arg>${password}</arg>
<status status="PASS" starttime="20231120 19:21:17.421" endtime="20231120 19:21:17.421"/>
</kw>
<kw name="Run Application" library="AppLibrary">
<status status="PASS" starttime="20231120 19:21:17.421" endtime="20231120 19:21:17.421"/>
</kw>
<status status="PASS" starttime="20231120 19:21:17.421" endtime="20231120 19:21:17.421"/>
</kw>
<kw name="Output Should Contain" library="AppLibrary">
<arg>New user registered</arg>
<status status="PASS" starttime="20231120 19:21:17.421" endtime="20231120 19:21:17.421"/>
</kw>
<status status="PASS" starttime="20231120 19:21:17.420" endtime="20231120 19:21:17.421"/>
</test>
<test id="s1-s2-t2" name="Register With Already Taken Username And Valid Password" line="15">
<kw name="Create User And Input Login Command" type="SETUP">
<kw name="Create User" library="AppLibrary">
<arg>kalle</arg>
<arg>kalle123</arg>
<status status="PASS" starttime="20231120 19:21:17.422" endtime="20231120 19:21:17.422"/>
</kw>
<kw name="Input New Command" library="resource">
<kw name="Input" library="AppLibrary">
<arg>new</arg>
<status status="PASS" starttime="20231120 19:21:17.422" endtime="20231120 19:21:17.422"/>
</kw>
<status status="PASS" starttime="20231120 19:21:17.422" endtime="20231120 19:21:17.422"/>
</kw>
<status status="PASS" starttime="20231120 19:21:17.422" endtime="20231120 19:21:17.422"/>
</kw>
<kw name="Input Credentials" library="resource">
<arg>kalle</arg>
<arg>kalle123</arg>
<kw name="Input" library="AppLibrary">
<arg>${username}</arg>
<status status="PASS" starttime="20231120 19:21:17.422" endtime="20231120 19:21:17.422"/>
</kw>
<kw name="Input" library="AppLibrary">
<arg>${password}</arg>
<status status="PASS" starttime="20231120 19:21:17.422" endtime="20231120 19:21:17.422"/>
</kw>
<kw name="Run Application" library="AppLibrary">
<status status="PASS" starttime="20231120 19:21:17.423" endtime="20231120 19:21:17.423"/>
</kw>
<status status="PASS" starttime="20231120 19:21:17.422" endtime="20231120 19:21:17.423"/>
</kw>
<kw name="Output Should Contain" library="AppLibrary">
<arg>User with username kalle already exists</arg>
<status status="PASS" starttime="20231120 19:21:17.423" endtime="20231120 19:21:17.423"/>
</kw>
<status status="PASS" starttime="20231120 19:21:17.422" endtime="20231120 19:21:17.423"/>
</test>
<test id="s1-s2-t3" name="Register With Too Short Username And Valid Password" line="20">
<kw name="Create User And Input Login Command" type="SETUP">
<kw name="Create User" library="AppLibrary">
<arg>kalle</arg>
<arg>kalle123</arg>
<status status="PASS" starttime="20231120 19:21:17.424" endtime="20231120 19:21:17.424"/>
</kw>
<kw name="Input New Command" library="resource">
<kw name="Input" library="AppLibrary">
<arg>new</arg>
<status status="PASS" starttime="20231120 19:21:17.424" endtime="20231120 19:21:17.424"/>
</kw>
<status status="PASS" starttime="20231120 19:21:17.424" endtime="20231120 19:21:17.424"/>
</kw>
<status status="PASS" starttime="20231120 19:21:17.424" endtime="20231120 19:21:17.424"/>
</kw>
<kw name="Input Credentials" library="resource">
<arg>k</arg>
<arg>viljo123</arg>
<kw name="Input" library="AppLibrary">
<arg>${username}</arg>
<status status="PASS" starttime="20231120 19:21:17.424" endtime="20231120 19:21:17.424"/>
</kw>
<kw name="Input" library="AppLibrary">
<arg>${password}</arg>
<status status="PASS" starttime="20231120 19:21:17.424" endtime="20231120 19:21:17.425"/>
</kw>
<kw name="Run Application" library="AppLibrary">
<status status="PASS" starttime="20231120 19:21:17.425" endtime="20231120 19:21:17.425"/>
</kw>
<status status="PASS" starttime="20231120 19:21:17.424" endtime="20231120 19:21:17.425"/>
</kw>
<kw name="Output Should Contain" library="AppLibrary">
<arg>Invalid username or password</arg>
<status status="PASS" starttime="20231120 19:21:17.425" endtime="20231120 19:21:17.425"/>
</kw>
<status status="PASS" starttime="20231120 19:21:17.423" endtime="20231120 19:21:17.425"/>
</test>
<test id="s1-s2-t4" name="Register With Enough Long But Invalid Username And Valid Password" line="24">
<kw name="Create User And Input Login Command" type="SETUP">
<kw name="Create User" library="AppLibrary">
<arg>kalle</arg>
<arg>kalle123</arg>
<status status="PASS" starttime="20231120 19:21:17.425" endtime="20231120 19:21:17.425"/>
</kw>
<kw name="Input New Command" library="resource">
<kw name="Input" library="AppLibrary">
<arg>new</arg>
<status status="PASS" starttime="20231120 19:21:17.426" endtime="20231120 19:21:17.426"/>
</kw>
<status status="PASS" starttime="20231120 19:21:17.425" endtime="20231120 19:21:17.426"/>
</kw>
<status status="PASS" starttime="20231120 19:21:17.425" endtime="20231120 19:21:17.426"/>
</kw>
<kw name="Input Credentials" library="resource">
<arg>kalle123</arg>
<arg>kalle123</arg>
<kw name="Input" library="AppLibrary">
<arg>${username}</arg>
<status status="PASS" starttime="20231120 19:21:17.426" endtime="20231120 19:21:17.426"/>
</kw>
<kw name="Input" library="AppLibrary">
<arg>${password}</arg>
<status status="PASS" starttime="20231120 19:21:17.426" endtime="20231120 19:21:17.426"/>
</kw>
<kw name="Run Application" library="AppLibrary">
<status status="PASS" starttime="20231120 19:21:17.426" endtime="20231120 19:21:17.426"/>
</kw>
<status status="PASS" starttime="20231120 19:21:17.426" endtime="20231120 19:21:17.426"/>
</kw>
<kw name="Output Should Contain" library="AppLibrary">
<arg>Invalid username or password</arg>
<status status="PASS" starttime="20231120 19:21:17.426" endtime="20231120 19:21:17.426"/>
</kw>
<status status="PASS" starttime="20231120 19:21:17.425" endtime="20231120 19:21:17.426"/>
</test>
<test id="s1-s2-t5" name="Register With Valid Username And Too Short Password" line="28">
<kw name="Create User And Input Login Command" type="SETUP">
<kw name="Create User" library="AppLibrary">
<arg>kalle</arg>
<arg>kalle123</arg>
<status status="PASS" starttime="20231120 19:21:17.427" endtime="20231120 19:21:17.427"/>
</kw>
<kw name="Input New Command" library="resource">
<kw name="Input" library="AppLibrary">
<arg>new</arg>
<status status="PASS" starttime="20231120 19:21:17.427" endtime="20231120 19:21:17.427"/>
</kw>
<status status="PASS" starttime="20231120 19:21:17.427" endtime="20231120 19:21:17.427"/>
</kw>
<status status="PASS" starttime="20231120 19:21:17.427" endtime="20231120 19:21:17.427"/>
</kw>
<kw name="Input Credentials" library="resource">
<arg>simo</arg>
<arg>k1</arg>
<kw name="Input" library="AppLibrary">
<arg>${username}</arg>
<status status="PASS" starttime="20231120 19:21:17.427" endtime="20231120 19:21:17.427"/>
</kw>
<kw name="Input" library="AppLibrary">
<arg>${password}</arg>
<status status="PASS" starttime="20231120 19:21:17.427" endtime="20231120 19:21:17.427"/>
</kw>
<kw name="Run Application" library="AppLibrary">
<status status="PASS" starttime="20231120 19:21:17.427" endtime="20231120 19:21:17.427"/>
</kw>
<status status="PASS" starttime="20231120 19:21:17.427" endtime="20231120 19:21:17.428"/>
</kw>
<kw name="Output Should Contain" library="AppLibrary">
<arg>Invalid username or password</arg>
<status status="PASS" starttime="20231120 19:21:17.428" endtime="20231120 19:21:17.428"/>
</kw>
<status status="PASS" starttime="20231120 19:21:17.427" endtime="20231120 19:21:17.428"/>
</test>
<test id="s1-s2-t6" name="Register With Valid Username And Long Enough Password Containing Only Letters" line="32">
<kw name="Create User And Input Login Command" type="SETUP">
<kw name="Create User" library="AppLibrary">
<arg>kalle</arg>
<arg>kalle123</arg>
<status status="PASS" starttime="20231120 19:21:17.428" endtime="20231120 19:21:17.428"/>
</kw>
<kw name="Input New Command" library="resource">
<kw name="Input" library="AppLibrary">
<arg>new</arg>
<status status="PASS" starttime="20231120 19:21:17.428" endtime="20231120 19:21:17.428"/>
</kw>
<status status="PASS" starttime="20231120 19:21:17.428" endtime="20231120 19:21:17.428"/>
</kw>
<status status="PASS" starttime="20231120 19:21:17.428" endtime="20231120 19:21:17.428"/>
</kw>
<kw name="Input Credentials" library="resource">
<arg>sami</arg>
<arg>kahdeksan</arg>
<kw name="Input" library="AppLibrary">
<arg>${username}</arg>
<status status="PASS" starttime="20231120 19:21:17.429" endtime="20231120 19:21:17.429"/>
</kw>
<kw name="Input" library="AppLibrary">
<arg>${password}</arg>
<status status="PASS" starttime="20231120 19:21:17.429" endtime="20231120 19:21:17.429"/>
</kw>
<kw name="Run Application" library="AppLibrary">
<status status="PASS" starttime="20231120 19:21:17.429" endtime="20231120 19:21:17.429"/>
</kw>
<status status="PASS" starttime="20231120 19:21:17.428" endtime="20231120 19:21:17.429"/>
</kw>
<kw name="Output Should Contain" library="AppLibrary">
<arg>Invalid username or password</arg>
<status status="PASS" starttime="20231120 19:21:17.429" endtime="20231120 19:21:17.429"/>
</kw>
<status status="PASS" starttime="20231120 19:21:17.428" endtime="20231120 19:21:17.429"/>
</test>
<status status="PASS" starttime="20231120 19:21:17.419" endtime="20231120 19:21:17.429"/>
</suite>
<status status="PASS" starttime="20231120 19:21:17.399" endtime="20231120 19:21:17.430"/>
</suite>
<statistics>
<total>
<stat pass="9" fail="0" skip="0">All Tests</stat>
</total>
<tag>
</tag>
<suite>
<stat pass="9" fail="0" skip="0" id="s1" name="Tests">Tests</stat>
<stat pass="3" fail="0" skip="0" id="s1-s1" name="Login">Tests.Login</stat>
<stat pass="6" fail="0" skip="0" id="s1-s2" name="Register">Tests.Register</stat>
</suite>
</statistics>
<errors>
</errors>
</robot>
